{"C:\\Users\\Lisandro\\Documents\\GitHub\\patients-prototype\\test\\spec\\node-spec.js":{"path":"C:\\Users\\Lisandro\\Documents\\GitHub\\patients-prototype\\test\\spec\\node-spec.js","s":{"1":1,"2":1,"3":1,"4":1,"5":1,"6":1,"7":1,"8":1,"9":1,"10":1,"11":1,"12":1,"13":1,"14":1,"15":1,"16":1,"17":1,"18":1,"19":1,"20":1,"21":1,"22":1,"23":1,"24":1,"25":1,"26":1,"27":1,"28":1,"29":1,"30":1,"31":1,"32":1,"33":1,"34":1,"35":1,"36":1,"37":1,"38":1,"39":1,"40":1,"41":1,"42":1,"43":1,"44":1,"45":1,"46":1,"47":1,"48":1,"49":1,"50":1,"51":1,"52":1,"53":1,"54":1,"55":1,"56":1,"57":1,"58":1,"59":1,"60":1,"61":1,"62":1,"63":1,"64":1,"65":1,"66":1,"67":1,"68":1,"69":1,"70":1,"71":1,"72":1,"73":1,"74":1,"75":1,"76":1,"77":1,"78":1,"79":1,"80":1,"81":1,"82":1,"83":1,"84":1,"85":1,"86":1,"87":1,"88":1,"89":1,"90":1,"91":1,"92":1,"93":1,"94":1,"95":1,"96":1,"97":1,"98":1,"99":1,"100":1,"101":1,"102":1,"103":1,"104":1,"105":1,"106":1,"107":1,"108":0,"109":0,"110":0,"111":1,"112":1,"113":0,"114":0,"115":0,"116":1,"117":1,"118":0,"119":0,"120":0,"121":1,"122":11,"123":11,"124":11},"b":{"1":[1,0]},"f":{"1":1,"2":1,"3":1,"4":1,"5":1,"6":1,"7":1,"8":1,"9":1,"10":1,"11":1,"12":1,"13":1,"14":1,"15":1,"16":1,"17":1,"18":1,"19":1,"20":1,"21":1,"22":1,"23":1,"24":1,"25":1,"26":1,"27":1,"28":1,"29":1,"30":1,"31":1,"32":1,"33":0,"34":0,"35":0,"36":11},"fnMap":{"1":{"name":"(anonymous_1)","line":8,"loc":{"start":{"line":8,"column":31},"end":{"line":8,"column":42}}},"2":{"name":"(anonymous_2)","line":10,"loc":{"start":{"line":10,"column":33},"end":{"line":10,"column":48}}},"3":{"name":"(anonymous_3)","line":12,"loc":{"start":{"line":12,"column":39},"end":{"line":12,"column":61}}},"4":{"name":"(anonymous_4)","line":17,"loc":{"start":{"line":17,"column":4},"end":{"line":17,"column":37}}},"5":{"name":"(anonymous_5)","line":26,"loc":{"start":{"line":26,"column":34},"end":{"line":26,"column":55}}},"6":{"name":"(anonymous_6)","line":33,"loc":{"start":{"line":33,"column":54},"end":{"line":33,"column":69}}},"7":{"name":"(anonymous_7)","line":35,"loc":{"start":{"line":35,"column":6},"end":{"line":35,"column":39}}},"8":{"name":"(anonymous_8)","line":42,"loc":{"start":{"line":42,"column":40},"end":{"line":42,"column":51}}},"9":{"name":"(anonymous_9)","line":43,"loc":{"start":{"line":43,"column":52},"end":{"line":43,"column":67}}},"10":{"name":"(anonymous_10)","line":47,"loc":{"start":{"line":47,"column":7},"end":{"line":47,"column":40}}},"11":{"name":"(anonymous_11)","line":54,"loc":{"start":{"line":54,"column":49},"end":{"line":54,"column":64}}},"12":{"name":"(anonymous_12)","line":56,"loc":{"start":{"line":56,"column":7},"end":{"line":56,"column":40}}},"13":{"name":"(anonymous_13)","line":68,"loc":{"start":{"line":68,"column":51},"end":{"line":68,"column":66}}},"14":{"name":"(anonymous_14)","line":71,"loc":{"start":{"line":71,"column":7},"end":{"line":71,"column":40}}},"15":{"name":"(anonymous_15)","line":79,"loc":{"start":{"line":79,"column":49},"end":{"line":79,"column":64}}},"16":{"name":"(anonymous_16)","line":81,"loc":{"start":{"line":81,"column":7},"end":{"line":81,"column":40}}},"17":{"name":"(anonymous_17)","line":93,"loc":{"start":{"line":93,"column":51},"end":{"line":93,"column":66}}},"18":{"name":"(anonymous_18)","line":95,"loc":{"start":{"line":95,"column":7},"end":{"line":95,"column":40}}},"19":{"name":"(anonymous_19)","line":103,"loc":{"start":{"line":103,"column":56},"end":{"line":103,"column":71}}},"20":{"name":"(anonymous_20)","line":105,"loc":{"start":{"line":105,"column":7},"end":{"line":105,"column":40}}},"21":{"name":"(anonymous_21)","line":114,"loc":{"start":{"line":114,"column":49},"end":{"line":114,"column":60}}},"22":{"name":"(anonymous_22)","line":115,"loc":{"start":{"line":115,"column":62},"end":{"line":115,"column":77}}},"23":{"name":"(anonymous_23)","line":119,"loc":{"start":{"line":119,"column":7},"end":{"line":119,"column":40}}},"24":{"name":"(anonymous_24)","line":127,"loc":{"start":{"line":127,"column":73},"end":{"line":127,"column":88}}},"25":{"name":"(anonymous_25)","line":131,"loc":{"start":{"line":131,"column":7},"end":{"line":131,"column":40}}},"26":{"name":"(anonymous_26)","line":138,"loc":{"start":{"line":138,"column":9},"end":{"line":138,"column":42}}},"27":{"name":"(anonymous_27)","line":150,"loc":{"start":{"line":150,"column":71},"end":{"line":150,"column":86}}},"28":{"name":"(anonymous_28)","line":159,"loc":{"start":{"line":159,"column":7},"end":{"line":159,"column":40}}},"29":{"name":"(anonymous_29)","line":168,"loc":{"start":{"line":168,"column":65},"end":{"line":168,"column":80}}},"30":{"name":"(anonymous_30)","line":173,"loc":{"start":{"line":173,"column":7},"end":{"line":173,"column":40}}},"31":{"name":"(anonymous_31)","line":181,"loc":{"start":{"line":181,"column":70},"end":{"line":181,"column":85}}},"32":{"name":"(anonymous_32)","line":185,"loc":{"start":{"line":185,"column":7},"end":{"line":185,"column":40}}},"33":{"name":"(anonymous_33)","line":195,"loc":{"start":{"line":195,"column":7},"end":{"line":195,"column":40}}},"34":{"name":"(anonymous_34)","line":204,"loc":{"start":{"line":204,"column":7},"end":{"line":204,"column":40}}},"35":{"name":"(anonymous_35)","line":213,"loc":{"start":{"line":213,"column":7},"end":{"line":213,"column":40}}},"36":{"name":"buildParams","line":225,"loc":{"start":{"line":225,"column":1},"end":{"line":225,"column":47}}}},"statementMap":{"1":{"start":{"line":1,"column":0},"end":{"line":1,"column":33}},"2":{"start":{"line":2,"column":0},"end":{"line":2,"column":37}},"3":{"start":{"line":4,"column":0},"end":{"line":4,"column":47}},"4":{"start":{"line":5,"column":0},"end":{"line":5,"column":70}},"5":{"start":{"line":6,"column":0},"end":{"line":6,"column":18}},"6":{"start":{"line":8,"column":0},"end":{"line":241,"column":3}},"7":{"start":{"line":10,"column":1},"end":{"line":30,"column":4}},"8":{"start":{"line":12,"column":2},"end":{"line":24,"column":5}},"9":{"start":{"line":13,"column":3},"end":{"line":14,"column":37}},"10":{"start":{"line":14,"column":4},"end":{"line":14,"column":37}},"11":{"start":{"line":16,"column":3},"end":{"line":22,"column":5}},"12":{"start":{"line":18,"column":5},"end":{"line":18,"column":46}},"13":{"start":{"line":19,"column":5},"end":{"line":19,"column":32}},"14":{"start":{"line":20,"column":5},"end":{"line":20,"column":12}},"15":{"start":{"line":23,"column":3},"end":{"line":23,"column":10}},"16":{"start":{"line":26,"column":2},"end":{"line":29,"column":5}},"17":{"start":{"line":27,"column":3},"end":{"line":27,"column":28}},"18":{"start":{"line":28,"column":3},"end":{"line":28,"column":10}},"19":{"start":{"line":33,"column":4},"end":{"line":40,"column":7}},"20":{"start":{"line":34,"column":7},"end":{"line":39,"column":8}},"21":{"start":{"line":36,"column":7},"end":{"line":36,"column":48}},"22":{"start":{"line":37,"column":10},"end":{"line":37,"column":48}},"23":{"start":{"line":38,"column":10},"end":{"line":38,"column":17}},"24":{"start":{"line":42,"column":4},"end":{"line":112,"column":4}},"25":{"start":{"line":43,"column":2},"end":{"line":52,"column":8}},"26":{"start":{"line":44,"column":9},"end":{"line":44,"column":77}},"27":{"start":{"line":46,"column":8},"end":{"line":51,"column":9}},"28":{"start":{"line":48,"column":8},"end":{"line":48,"column":49}},"29":{"start":{"line":49,"column":11},"end":{"line":49,"column":47}},"30":{"start":{"line":50,"column":11},"end":{"line":50,"column":18}},"31":{"start":{"line":54,"column":2},"end":{"line":66,"column":8}},"32":{"start":{"line":55,"column":6},"end":{"line":65,"column":5}},"33":{"start":{"line":57,"column":5},"end":{"line":57,"column":46}},"34":{"start":{"line":58,"column":5},"end":{"line":58,"column":32}},"35":{"start":{"line":59,"column":5},"end":{"line":59,"column":46}},"36":{"start":{"line":60,"column":5},"end":{"line":60,"column":47}},"37":{"start":{"line":61,"column":5},"end":{"line":61,"column":49}},"38":{"start":{"line":62,"column":5},"end":{"line":62,"column":47}},"39":{"start":{"line":63,"column":5},"end":{"line":63,"column":12}},"40":{"start":{"line":68,"column":2},"end":{"line":77,"column":8}},"41":{"start":{"line":69,"column":9},"end":{"line":69,"column":78}},"42":{"start":{"line":70,"column":6},"end":{"line":76,"column":5}},"43":{"start":{"line":72,"column":5},"end":{"line":72,"column":46}},"44":{"start":{"line":73,"column":11},"end":{"line":73,"column":47}},"45":{"start":{"line":74,"column":11},"end":{"line":74,"column":18}},"46":{"start":{"line":79,"column":2},"end":{"line":91,"column":8}},"47":{"start":{"line":80,"column":6},"end":{"line":90,"column":5}},"48":{"start":{"line":82,"column":5},"end":{"line":82,"column":46}},"49":{"start":{"line":83,"column":5},"end":{"line":83,"column":32}},"50":{"start":{"line":84,"column":5},"end":{"line":84,"column":46}},"51":{"start":{"line":85,"column":5},"end":{"line":85,"column":47}},"52":{"start":{"line":86,"column":5},"end":{"line":86,"column":49}},"53":{"start":{"line":87,"column":5},"end":{"line":87,"column":47}},"54":{"start":{"line":88,"column":5},"end":{"line":88,"column":12}},"55":{"start":{"line":93,"column":2},"end":{"line":101,"column":8}},"56":{"start":{"line":94,"column":6},"end":{"line":100,"column":5}},"57":{"start":{"line":96,"column":5},"end":{"line":96,"column":46}},"58":{"start":{"line":97,"column":11},"end":{"line":97,"column":59}},"59":{"start":{"line":98,"column":11},"end":{"line":98,"column":18}},"60":{"start":{"line":103,"column":5},"end":{"line":110,"column":8}},"61":{"start":{"line":104,"column":8},"end":{"line":109,"column":9}},"62":{"start":{"line":106,"column":8},"end":{"line":106,"column":49}},"63":{"start":{"line":107,"column":11},"end":{"line":107,"column":49}},"64":{"start":{"line":108,"column":11},"end":{"line":108,"column":18}},"65":{"start":{"line":114,"column":1},"end":{"line":222,"column":4}},"66":{"start":{"line":115,"column":2},"end":{"line":124,"column":8}},"67":{"start":{"line":116,"column":9},"end":{"line":116,"column":68}},"68":{"start":{"line":118,"column":8},"end":{"line":123,"column":9}},"69":{"start":{"line":120,"column":7},"end":{"line":120,"column":48}},"70":{"start":{"line":121,"column":10},"end":{"line":121,"column":60}},"71":{"start":{"line":122,"column":10},"end":{"line":122,"column":17}},"72":{"start":{"line":127,"column":5},"end":{"line":147,"column":8}},"73":{"start":{"line":128,"column":9},"end":{"line":128,"column":73}},"74":{"start":{"line":130,"column":8},"end":{"line":146,"column":8}},"75":{"start":{"line":132,"column":8},"end":{"line":132,"column":49}},"76":{"start":{"line":133,"column":11},"end":{"line":133,"column":47}},"77":{"start":{"line":135,"column":11},"end":{"line":135,"column":74}},"78":{"start":{"line":137,"column":10},"end":{"line":143,"column":10}},"79":{"start":{"line":139,"column":10},"end":{"line":139,"column":51}},"80":{"start":{"line":140,"column":13},"end":{"line":140,"column":68}},"81":{"start":{"line":141,"column":13},"end":{"line":141,"column":20}},"82":{"start":{"line":144,"column":11},"end":{"line":144,"column":18}},"83":{"start":{"line":150,"column":5},"end":{"line":165,"column":8}},"84":{"start":{"line":151,"column":3},"end":{"line":151,"column":68}},"85":{"start":{"line":152,"column":6},"end":{"line":152,"column":31}},"86":{"start":{"line":153,"column":6},"end":{"line":153,"column":34}},"87":{"start":{"line":154,"column":6},"end":{"line":154,"column":35}},"88":{"start":{"line":155,"column":6},"end":{"line":155,"column":39}},"89":{"start":{"line":156,"column":6},"end":{"line":156,"column":69}},"90":{"start":{"line":158,"column":8},"end":{"line":164,"column":8}},"91":{"start":{"line":160,"column":8},"end":{"line":160,"column":49}},"92":{"start":{"line":161,"column":11},"end":{"line":161,"column":68}},"93":{"start":{"line":162,"column":11},"end":{"line":162,"column":18}},"94":{"start":{"line":168,"column":5},"end":{"line":179,"column":8}},"95":{"start":{"line":170,"column":6},"end":{"line":170,"column":68}},"96":{"start":{"line":172,"column":8},"end":{"line":178,"column":8}},"97":{"start":{"line":174,"column":8},"end":{"line":174,"column":49}},"98":{"start":{"line":175,"column":11},"end":{"line":175,"column":58}},"99":{"start":{"line":176,"column":11},"end":{"line":176,"column":18}},"100":{"start":{"line":181,"column":5},"end":{"line":221,"column":8}},"101":{"start":{"line":182,"column":9},"end":{"line":182,"column":72}},"102":{"start":{"line":184,"column":9},"end":{"line":190,"column":8}},"103":{"start":{"line":186,"column":5},"end":{"line":186,"column":46}},"104":{"start":{"line":187,"column":11},"end":{"line":187,"column":61}},"105":{"start":{"line":188,"column":11},"end":{"line":188,"column":18}},"106":{"start":{"line":193,"column":9},"end":{"line":193,"column":69}},"107":{"start":{"line":194,"column":3},"end":{"line":200,"column":8}},"108":{"start":{"line":196,"column":5},"end":{"line":196,"column":46}},"109":{"start":{"line":197,"column":11},"end":{"line":197,"column":61}},"110":{"start":{"line":198,"column":11},"end":{"line":198,"column":18}},"111":{"start":{"line":202,"column":6},"end":{"line":202,"column":65}},"112":{"start":{"line":203,"column":3},"end":{"line":209,"column":8}},"113":{"start":{"line":205,"column":5},"end":{"line":205,"column":46}},"114":{"start":{"line":206,"column":11},"end":{"line":206,"column":61}},"115":{"start":{"line":207,"column":11},"end":{"line":207,"column":18}},"116":{"start":{"line":211,"column":6},"end":{"line":211,"column":60}},"117":{"start":{"line":212,"column":3},"end":{"line":218,"column":8}},"118":{"start":{"line":214,"column":5},"end":{"line":214,"column":46}},"119":{"start":{"line":215,"column":11},"end":{"line":215,"column":61}},"120":{"start":{"line":216,"column":11},"end":{"line":216,"column":18}},"121":{"start":{"line":225,"column":1},"end":{"line":239,"column":2}},"122":{"start":{"line":226,"column":2},"end":{"line":226,"column":20}},"123":{"start":{"line":227,"column":2},"end":{"line":236,"column":14}},"124":{"start":{"line":238,"column":8},"end":{"line":238,"column":22}}},"branchMap":{"1":{"line":13,"type":"if","locations":[{"start":{"line":13,"column":3},"end":{"line":13,"column":3}},{"start":{"line":13,"column":3},"end":{"line":13,"column":3}}]}}}}